TN:
SF:app.js
FN:15,(anonymous_0)
FNF:1
FNH:0
FNDA:0,(anonymous_0)
DA:1,1
DA:2,1
DA:3,1
DA:4,1
DA:5,1
DA:7,1
DA:8,1
DA:9,1
DA:10,1
DA:12,1
DA:14,1
DA:15,0
DA:16,0
DA:20,1
LF:14
LH:12
BRDA:12,0,0,1
BRDA:12,0,1,0
BRDA:14,1,0,0
BRDA:14,1,1,1
BRF:4
BRH:2
end_of_record
TN:
SF:db.js
FN:11,(anonymous_0)
FNF:1
FNH:1
FNDA:1,(anonymous_0)
DA:1,1
DA:2,1
DA:4,1
DA:11,1
DA:12,1
DA:13,0
DA:14,0
DA:16,1
DA:19,1
LF:9
LH:7
BRDA:5,0,0,1
BRDA:5,0,1,0
BRDA:6,1,0,1
BRDA:6,1,1,0
BRDA:7,2,0,1
BRDA:7,2,1,1
BRDA:8,3,0,1
BRDA:8,3,1,0
BRDA:12,4,0,0
BRDA:12,4,1,1
BRF:10
BRH:6
end_of_record
TN:
SF:routes\feedbackRoutes.js
FN:7,(anonymous_0)
FN:10,(anonymous_1)
FN:17,(anonymous_2)
FN:18,(anonymous_3)
FN:25,(anonymous_4)
FN:28,(anonymous_5)
FN:35,(anonymous_6)
FN:36,(anonymous_7)
FNF:8
FNH:4
FNDA:1,(anonymous_0)
FNDA:1,(anonymous_1)
FNDA:1,(anonymous_2)
FNDA:1,(anonymous_3)
FNDA:0,(anonymous_4)
FNDA:0,(anonymous_5)
FNDA:0,(anonymous_6)
FNDA:0,(anonymous_7)
DA:1,1
DA:2,1
DA:4,1
DA:7,1
DA:8,1
DA:9,1
DA:10,1
DA:11,1
DA:12,1
DA:17,1
DA:18,1
DA:19,1
DA:20,1
DA:25,1
DA:26,0
DA:27,0
DA:28,0
DA:29,0
DA:30,0
DA:35,1
DA:36,0
DA:37,0
DA:38,0
DA:42,1
LF:24
LH:16
BRDA:11,0,0,0
BRDA:11,0,1,1
BRDA:19,1,0,0
BRDA:19,1,1,1
BRDA:29,2,0,0
BRDA:29,2,1,0
BRDA:37,3,0,0
BRDA:37,3,1,0
BRF:8
BRH:2
end_of_record
